0 info it worked if it ends with ok
1 verbose cli [ 'D:\\软件\\nodejs\\node.exe',
1 verbose cli   'C:\\Users\\syste\\AppData\\Roaming\\npm\\node_modules\\cnpm\\node_modules\\npm\\bin\\npm-cli.js',
1 verbose cli   '--userconfig=C:\\Users\\syste\\.cnpmrc',
1 verbose cli   '--disturl=https://npm.taobao.org/mirrors/node',
1 verbose cli   '--registry=https://registry.npm.taobao.org',
1 verbose cli   'run-script',
1 verbose cli   'packager' ]
2 info using npm@3.10.10
3 info using node@v8.4.0
4 verbose run-script [ 'prepackager', 'packager', 'postpackager' ]
5 info lifecycle electron-yanxs@1.0.0~prepackager: electron-yanxs@1.0.0
6 silly lifecycle electron-yanxs@1.0.0~prepackager: no script for prepackager, continuing
7 info lifecycle electron-yanxs@1.0.0~packager: electron-yanxs@1.0.0
8 verbose lifecycle electron-yanxs@1.0.0~packager: unsafe-perm in lifecycle true
9 verbose lifecycle electron-yanxs@1.0.0~packager: PATH: C:\Users\syste\AppData\Roaming\npm\node_modules\cnpm\node_modules\npm\bin\node-gyp-bin;D:\desktop\yanxs-mp3\node_modules\.bin;C:\Program Files\Microsoft MPI\Bin\;C:\Program Files (x86)\Intel\iCLS Client\;C:\Program Files\Intel\iCLS Client\;C:\Windows\system32;C:\Windows;C:\Windows\System32\Wbem;C:\Windows\System32\WindowsPowerShell\v1.0\;C:\Program Files (x86)\NVIDIA Corporation\PhysX\Common;C:\Program Files (x86)\Intel\Intel(R) Management Engine Components\DAL;C:\Program Files\Intel\Intel(R) Management Engine Components\DAL;C:\Program Files (x86)\Intel\Intel(R) Management Engine Components\IPT;C:\Program Files\Intel\Intel(R) Management Engine Components\IPT;C:\Program Files\TortoiseSVN\bin;\xampp\php;C:\ProgramData\ComposerSetup\bin;D:\xampp\php\libsasl.dll;D:\redis\;D:\python;D:\python\Scripts;C:\WINDOWS\system32;C:\WINDOWS;C:\WINDOWS\System32\Wbem;C:\WINDOWS\System32\WindowsPowerShell\v1.0\;D:\软件\nodejs\;C;\Program Files\dotnet\;C:\Program Files\Microsoft SQL Server\130\Tools\Binn\;D:\软件\Git\cmd;C:\Users\syste\AppData\Local\Microsoft\WindowsApps;C:\Users\syste\AppData\Roaming\Composer\vendor\bin;C:\Users\syste\AppData\Roaming\npm;D:\软件\Microsoft VS Code\bin
10 verbose lifecycle electron-yanxs@1.0.0~packager: CWD: D:\desktop\yanxs-mp3
11 silly lifecycle electron-yanxs@1.0.0~packager: Args: [ '/d /s /c',
11 silly lifecycle   'electron-packager . Yanxs --platform=win32 --arch=x64 --out ./OutApp --version 1.6.11 --overwrite --icon=./favicon.ico' ]
12 silly lifecycle electron-yanxs@1.0.0~packager: Returned: code: 1  signal: null
13 info lifecycle electron-yanxs@1.0.0~packager: Failed to exec packager script
14 verbose stack Error: electron-yanxs@1.0.0 packager: `electron-packager . Yanxs --platform=win32 --arch=x64 --out ./OutApp --version 1.6.11 --overwrite --icon=./favicon.ico`
14 verbose stack Exit status 1
14 verbose stack     at EventEmitter.<anonymous> (C:\Users\syste\AppData\Roaming\npm\node_modules\cnpm\node_modules\npm\lib\utils\lifecycle.js:255:16)
14 verbose stack     at emitTwo (events.js:125:13)
14 verbose stack     at EventEmitter.emit (events.js:213:7)
14 verbose stack     at ChildProcess.<anonymous> (C:\Users\syste\AppData\Roaming\npm\node_modules\cnpm\node_modules\npm\lib\utils\spawn.js:40:14)
14 verbose stack     at emitTwo (events.js:125:13)
14 verbose stack     at ChildProcess.emit (events.js:213:7)
14 verbose stack     at maybeClose (internal/child_process.js:927:16)
14 verbose stack     at Process.ChildProcess._handle.onexit (internal/child_process.js:211:5)
15 verbose pkgid electron-yanxs@1.0.0
16 verbose cwd D:\desktop\yanxs-mp3
17 error Windows_NT 10.0.15063
18 error argv "D:\\软件\\nodejs\\node.exe" "C:\\Users\\syste\\AppData\\Roaming\\npm\\node_modules\\cnpm\\node_modules\\npm\\bin\\npm-cli.js" "--userconfig=C:\\Users\\syste\\.cnpmrc" "--disturl=https://npm.taobao.org/mirrors/node" "--registry=https://registry.npm.taobao.org" "run-script" "packager"
19 error node v8.4.0
20 error npm  v3.10.10
21 error code ELIFECYCLE
22 error electron-yanxs@1.0.0 packager: `electron-packager . Yanxs --platform=win32 --arch=x64 --out ./OutApp --version 1.6.11 --overwrite --icon=./favicon.ico`
22 error Exit status 1
23 error Failed at the electron-yanxs@1.0.0 packager script 'electron-packager . Yanxs --platform=win32 --arch=x64 --out ./OutApp --version 1.6.11 --overwrite --icon=./favicon.ico'.
23 error Make sure you have the latest version of node.js and npm installed.
23 error If you do, this is most likely a problem with the electron-yanxs package,
23 error not with npm itself.
23 error Tell the author that this fails on your system:
23 error     electron-packager . Yanxs --platform=win32 --arch=x64 --out ./OutApp --version 1.6.11 --overwrite --icon=./favicon.ico
23 error You can get information on how to open an issue for this project with:
23 error     npm bugs electron-yanxs
23 error Or if that isn't available, you can get their info via:
23 error     npm owner ls electron-yanxs
23 error There is likely additional logging output above.
24 verbose exit [ 1, true ]
